INFO:     127.0.0.1:64311 - "GET /history/daily?symbol=AAPL&days=60 HTTP/1.1" 200 OK
INFO:     127.0.0.1:64428 - "GET /history/daily?symbol=AAPL&days=60 HTTP/1.1" 200 OK
INFO:     2a06:98c0:3600::103:0 - "GET /account HTTP/1.1" 200 OK
INFO:     2a06:98c0:3600::103:0 - "GET /history/daily?symbol=AAPL&days=60 HTTP/1.1" 200 OK
INFO:     2a06:98c0:3600::103:0 - "GET /history/daily?symbol=AMZN&days=60 HTTP/1.1" 200 OK
INFO:     2a06:98c0:3600::103:0 - "GET /history/daily?symbol=GOOGL&days=60 HTTP/1.1" 200 OK
INFO:     2a06:98c0:3600::103:0 - "GET /history/daily?symbol=META&days=60 HTTP/1.1" 200 OK
INFO:     2a06:98c0:3600::103:0 - "GET /history/daily?symbol=MSFT&days=60 HTTP/1.1" 200 OK
INFO:     2a06:98c0:3600::103:0 - "GET /history/daily?symbol=NFLX&days=60 HTTP/1.1" 200 OK
INFO:     2a06:98c0:3600::103:0 - "GET /history/daily?symbol=NVDA&days=60 HTTP/1.1" 200 OK
INFO:     2a06:98c0:3600::103:0 - "GET /history/daily?symbol=QQQ&days=60 HTTP/1.1" 200 OK
INFO:     2a06:98c0:3600::103:0 - "GET /history/daily?symbol=SPY&days=60 HTTP/1.1" 200 OK
INFO:     2a06:98c0:3600::103:0 - "GET /history/daily?symbol=TSLA&days=60 HTTP/1.1" 200 OK
INFO:     2a06:98c0:3600::103:0 - "GET /account HTTP/1.1" 200 OK
INFO:     2a06:98c0:3600::103:0 - "GET /history/daily?symbol=AAPL&days=60 HTTP/1.1" 200 OK
INFO:     2a06:98c0:3600::103:0 - "GET /history/daily?symbol=AMZN&days=60 HTTP/1.1" 200 OK
INFO:     2a06:98c0:3600::103:0 - "GET /history/daily?symbol=GOOGL&days=60 HTTP/1.1" 200 OK
INFO:     2a06:98c0:3600::103:0 - "GET /history/daily?symbol=META&days=60 HTTP/1.1" 200 OK
INFO:     2a06:98c0:3600::103:0 - "GET /history/daily?symbol=MSFT&days=60 HTTP/1.1" 200 OK
INFO:     2a06:98c0:3600::103:0 - "GET /history/daily?symbol=NFLX&days=60 HTTP/1.1" 200 OK
INFO:     2a06:98c0:3600::103:0 - "GET /history/daily?symbol=NVDA&days=60 HTTP/1.1" 200 OK
INFO:     2a06:98c0:3600::103:0 - "GET /history/daily?symbol=QQQ&days=60 HTTP/1.1" 200 OK
INFO:     2a06:98c0:3600::103:0 - "GET /history/daily?symbol=SPY&days=60 HTTP/1.1" 200 OK
INFO:     2a06:98c0:3600::103:0 - "GET /history/daily?symbol=TSLA&days=60 HTTP/1.1" 200 OK
INFO:     2a06:98c0:3600::103:0 - "GET /account HTTP/1.1" 200 OK
INFO:     2a06:98c0:3600::103:0 - "GET /positions HTTP/1.1" 500 Internal Server Error
INFO:     2a06:98c0:3600::103:0 - "GET /account HTTP/1.1" 200 OK
INFO:     2a06:98c0:3600::103:0 - "GET /positions HTTP/1.1" 500 Internal Server Error
INFO:     2a06:98c0:3600::103:0 - "GET /account HTTP/1.1" 200 OK
INFO:     2a06:98c0:3600::103:0 - "GET /positions HTTP/1.1" 500 Internal Server Error
INFO:     2a06:98c0:3600::103:0 - "GET /positions HTTP/1.1" 500 Internal Server Error
INFO:     2a06:98c0:3600::103:0 - "GET /positions HTTP/1.1" 500 Internal Server Error
INFO:     2a06:98c0:3600::103:0 - "GET /account HTTP/1.1" 200 OK
INFO:     2a06:98c0:3600::103:0 - "GET /positions HTTP/1.1" 500 Internal Server Error
INFO:     2a06:98c0:3600::103:0 - "POST /quote HTTP/1.1" 200 OK
INFO:     2a06:98c0:3600::103:0 - "POST /options/quotes HTTP/1.1" 200 OK
INFO:     2a06:98c0:3600::103:0 - "POST /quote HTTP/1.1" 200 OK
INFO:     2a06:98c0:3600::103:0 - "POST /options/quotes HTTP/1.1" 200 OK
INFO:     2a06:98c0:3600::103:0 - "POST /quote HTTP/1.1" 200 OK
INFO:     2a06:98c0:3600::103:0 - "POST /options/quotes HTTP/1.1" 200 OK
INFO:     2a06:98c0:3600::103:0 - "POST /quote HTTP/1.1" 200 OK
INFO:     2a06:98c0:3600::103:0 - "POST /options/quotes HTTP/1.1" 200 OK
INFO:     2a06:98c0:3600::103:0 - "POST /quote HTTP/1.1" 200 OK
INFO:     2a06:98c0:3600::103:0 - "POST /options/quotes HTTP/1.1" 200 OK
INFO:     2a06:98c0:3600::103:0 - "POST /quote HTTP/1.1" 200 OK
INFO:     2a06:98c0:3600::103:0 - "POST /options/quotes HTTP/1.1" 200 OK
INFO:     2a06:98c0:3600::103:0 - "POST /quote HTTP/1.1" 200 OK
INFO:     2a06:98c0:3600::103:0 - "POST /options/quotes HTTP/1.1" 200 OK
INFO:     2a06:98c0:3600::103:0 - "POST /quote HTTP/1.1" 200 OK
INFO:     2a06:98c0:3600::103:0 - "POST /options/quotes HTTP/1.1" 200 OK
INFO:     2a06:98c0:3600::103:0 - "POST /quote HTTP/1.1" 200 OK
INFO:     2a06:98c0:3600::103:0 - "POST /options/quotes HTTP/1.1" 200 OK
INFO:     2a06:98c0:3600::103:0 - "POST /quote HTTP/1.1" 200 OK
INFO:     2a06:98c0:3600::103:0 - "POST /options/quotes HTTP/1.1" 200 OK
INFO:     2a06:98c0:3600::103:0 - "POST /quote HTTP/1.1" 200 OK
INFO:     2a06:98c0:3600::103:0 - "POST /options/quotes HTTP/1.1" 200 OK
INFO:     2a06:98c0:3600::103:0 - "POST /quote HTTP/1.1" 200 OK
INFO:     2a06:98c0:3600::103:0 - "POST /options/quotes HTTP/1.1" 200 OK
INFO:     2a06:98c0:3600::103:0 - "POST /quote HTTP/1.1" 200 OK
INFO:     2a06:98c0:3600::103:0 - "POST /options/quotes HTTP/1.1" 200 OK
INFO:     2a06:98c0:3600::103:0 - "POST /quote HTTP/1.1" 200 OK
INFO:     2a06:98c0:3600::103:0 - "POST /options/quotes HTTP/1.1" 200 OK
INFO:     2a06:98c0:3600::103:0 - "POST /quote HTTP/1.1" 200 OK
INFO:     2a06:98c0:3600::103:0 - "POST /options/quotes HTTP/1.1" 200 OK
INFO:     2a06:98c0:3600::103:0 - "POST /quote HTTP/1.1" 200 OK
INFO:     2a06:98c0:3600::103:0 - "POST /options/quotes HTTP/1.1" 200 OK
INFO:     2a06:98c0:3600::103:0 - "POST /quote HTTP/1.1" 200 OK
INFO:     2a06:98c0:3600::103:0 - "POST /options/quotes HTTP/1.1" 200 OK
INFO:     2a06:98c0:3600::103:0 - "POST /quote HTTP/1.1" 200 OK
INFO:     2a06:98c0:3600::103:0 - "POST /options/quotes HTTP/1.1" 200 OK
INFO:     2a06:98c0:3600::103:0 - "POST /quote HTTP/1.1" 200 OK
INFO:     2a06:98c0:3600::103:0 - "POST /options/quotes HTTP/1.1" 200 OK
INFO:     2a06:98c0:3600::103:0 - "POST /quote HTTP/1.1" 200 OK
INFO:     2a06:98c0:3600::103:0 - "POST /options/quotes HTTP/1.1" 200 OK
INFO:     2a06:98c0:3600::103:0 - "GET /account HTTP/1.1" 200 OK
INFO:     2a06:98c0:3600::103:0 - "GET /history/daily?symbol=AAPL&days=60 HTTP/1.1" 200 OK
INFO:     2a06:98c0:3600::103:0 - "GET /history/daily?symbol=AMZN&days=60 HTTP/1.1" 200 OK
INFO:     2a06:98c0:3600::103:0 - "GET /history/daily?symbol=GOOGL&days=60 HTTP/1.1" 200 OK
INFO:     2a06:98c0:3600::103:0 - "GET /history/daily?symbol=META&days=60 HTTP/1.1" 200 OK
INFO:     2a06:98c0:3600::103:0 - "GET /history/daily?symbol=MSFT&days=60 HTTP/1.1" 200 OK
INFO:     2a06:98c0:3600::103:0 - "GET /history/daily?symbol=NFLX&days=60 HTTP/1.1" 200 OK
INFO:     2a06:98c0:3600::103:0 - "GET /history/daily?symbol=NVDA&days=60 HTTP/1.1" 200 OK
INFO:     2a06:98c0:3600::103:0 - "GET /history/daily?symbol=QQQ&days=60 HTTP/1.1" 200 OK
INFO:     2a06:98c0:3600::103:0 - "GET /history/daily?symbol=SPY&days=60 HTTP/1.1" 200 OK
INFO:     2a06:98c0:3600::103:0 - "GET /history/daily?symbol=TSLA&days=60 HTTP/1.1" 200 OK
INFO:     2a06:98c0:3600::103:0 - "GET /account HTTP/1.1" 200 OK
INFO:     2a06:98c0:3600::103:0 - "GET /history/daily?symbol=AAPL&days=60 HTTP/1.1" 200 OK
INFO:     2a06:98c0:3600::103:0 - "GET /history/daily?symbol=AMZN&days=60 HTTP/1.1" 200 OK
INFO:     2a06:98c0:3600::103:0 - "GET /history/daily?symbol=GOOGL&days=60 HTTP/1.1" 200 OK
INFO:     2a06:98c0:3600::103:0 - "GET /history/daily?symbol=META&days=60 HTTP/1.1" 200 OK
INFO:     2a06:98c0:3600::103:0 - "GET /history/daily?symbol=MSFT&days=60 HTTP/1.1" 200 OK
INFO:     2a06:98c0:3600::103:0 - "GET /history/daily?symbol=NFLX&days=60 HTTP/1.1" 200 OK
INFO:     2a06:98c0:3600::103:0 - "GET /history/daily?symbol=NVDA&days=60 HTTP/1.1" 200 OK
INFO:     2a06:98c0:3600::103:0 - "GET /history/daily?symbol=QQQ&days=60 HTTP/1.1" 200 OK
INFO:     2a06:98c0:3600::103:0 - "GET /history/daily?symbol=SPY&days=60 HTTP/1.1" 200 OK
INFO:     2a06:98c0:3600::103:0 - "GET /history/daily?symbol=TSLA&days=60 HTTP/1.1" 200 OK
INFO:     2a06:98c0:3600::103:0 - "GET /account HTTP/1.1" 200 OK
INFO:     2a06:98c0:3600::103:0 - "GET /history/daily?symbol=AAPL&days=60 HTTP/1.1" 200 OK
INFO:     2a06:98c0:3600::103:0 - "GET /history/daily?symbol=AMZN&days=60 HTTP/1.1" 200 OK
INFO:     2a06:98c0:3600::103:0 - "GET /history/daily?symbol=GOOGL&days=60 HTTP/1.1" 200 OK
INFO:     2a06:98c0:3600::103:0 - "GET /history/daily?symbol=META&days=60 HTTP/1.1" 200 OK
INFO:     2a06:98c0:3600::103:0 - "GET /history/daily?symbol=MSFT&days=60 HTTP/1.1" 200 OK
INFO:     2a06:98c0:3600::103:0 - "GET /history/daily?symbol=NFLX&days=60 HTTP/1.1" 200 OK
INFO:     2a06:98c0:3600::103:0 - "GET /history/daily?symbol=NVDA&days=60 HTTP/1.1" 200 OK
INFO:     2a06:98c0:3600::103:0 - "GET /history/daily?symbol=QQQ&days=60 HTTP/1.1" 200 OK
INFO:     2a06:98c0:3600::103:0 - "GET /history/daily?symbol=SPY&days=60 HTTP/1.1" 200 OK
INFO:     2a06:98c0:3600::103:0 - "GET /history/daily?symbol=TSLA&days=60 HTTP/1.1" 200 OK
INFO:     2a06:98c0:3600::103:0 - "GET /account HTTP/1.1" 200 OK
INFO:     2a06:98c0:3600::103:0 - "GET /history/daily?symbol=AAPL&days=60 HTTP/1.1" 200 OK
INFO:     2a06:98c0:3600::103:0 - "GET /history/daily?symbol=AMZN&days=60 HTTP/1.1" 200 OK
INFO:     2a06:98c0:3600::103:0 - "GET /history/daily?symbol=GOOGL&days=60 HTTP/1.1" 200 OK
INFO:     2a06:98c0:3600::103:0 - "GET /history/daily?symbol=META&days=60 HTTP/1.1" 200 OK
INFO:     2a06:98c0:3600::103:0 - "GET /history/daily?symbol=MSFT&days=60 HTTP/1.1" 200 OK
INFO:     2a06:98c0:3600::103:0 - "GET /history/daily?symbol=NFLX&days=60 HTTP/1.1" 200 OK
INFO:     2a06:98c0:3600::103:0 - "GET /history/daily?symbol=NVDA&days=60 HTTP/1.1" 200 OK
INFO:     2a06:98c0:3600::103:0 - "GET /history/daily?symbol=QQQ&days=60 HTTP/1.1" 200 OK
INFO:     2a06:98c0:3600::103:0 - "GET /history/daily?symbol=SPY&days=60 HTTP/1.1" 200 OK
INFO:     2a06:98c0:3600::103:0 - "GET /history/daily?symbol=TSLA&days=60 HTTP/1.1" 200 OK
INFO:     2a06:98c0:3600::103:0 - "POST /options/quotes HTTP/1.1" 422 Unprocessable Entity
INFO:     2a06:98c0:3600::103:0 - "POST /options/quotes HTTP/1.1" 422 Unprocessable Entity
INFO:     2a06:98c0:3600::103:0 - "POST /options/quotes HTTP/1.1" 422 Unprocessable Entity
INFO:     2a06:98c0:3600::103:0 - "POST /options/quotes HTTP/1.1" 422 Unprocessable Entity
INFO:     2a06:98c0:3600::103:0 - "POST /options/quotes HTTP/1.1" 422 Unprocessable Entity
INFO:     2a06:98c0:3600::103:0 - "POST /options/quotes HTTP/1.1" 422 Unprocessable Entity
INFO:     2a06:98c0:3600::103:0 - "POST /options/quotes HTTP/1.1" 422 Unprocessable Entity
INFO:     2a06:98c0:3600::103:0 - "POST /options/quotes HTTP/1.1" 422 Unprocessable Entity
INFO:     2a06:98c0:3600::103:0 - "POST /options/quotes HTTP/1.1" 422 Unprocessable Entity
INFO:     2a06:98c0:3600::103:0 - "POST /options/quotes HTTP/1.1" 422 Unprocessable Entity
INFO:     2a06:98c0:3600::103:0 - "POST /options/quotes HTTP/1.1" 422 Unprocessable Entity
INFO:     2a06:98c0:3600::103:0 - "POST /options/quotes HTTP/1.1" 422 Unprocessable Entity
INFO:     2a06:98c0:3600::103:0 - "POST /options/quotes HTTP/1.1" 422 Unprocessable Entity
INFO:     2a06:98c0:3600::103:0 - "POST /options/quotes HTTP/1.1" 422 Unprocessable Entity
INFO:     2a06:98c0:3600::103:0 - "POST /options/quotes HTTP/1.1" 422 Unprocessable Entity
INFO:     2a06:98c0:3600::103:0 - "POST /options/quotes HTTP/1.1" 422 Unprocessable Entity
INFO:     2a06:98c0:3600::103:0 - "POST /options/quotes HTTP/1.1" 422 Unprocessable Entity
INFO:     2a06:98c0:3600::103:0 - "POST /options/quotes HTTP/1.1" 422 Unprocessable Entity
INFO:     2a06:98c0:3600::103:0 - "POST /options/quotes HTTP/1.1" 422 Unprocessable Entity
INFO:     2a06:98c0:3600::103:0 - "POST /options/quotes HTTP/1.1" 422 Unprocessable Entity
INFO:     2a06:98c0:3600::103:0 - "POST /options/quotes HTTP/1.1" 200 OK
INFO:     2a06:98c0:3600::103:0 - "POST /options/quotes HTTP/1.1" 200 OK
INFO:     2a06:98c0:3600::103:0 - "POST /options/quotes HTTP/1.1" 200 OK
INFO:     2a06:98c0:3600::103:0 - "POST /options/quotes HTTP/1.1" 200 OK
INFO:     2a06:98c0:3600::103:0 - "POST /options/quotes HTTP/1.1" 200 OK
INFO:     2a06:98c0:3600::103:0 - "POST /options/quotes HTTP/1.1" 200 OK
INFO:     2a06:98c0:3600::103:0 - "POST /options/quotes HTTP/1.1" 200 OK
INFO:     2a06:98c0:3600::103:0 - "POST /options/quotes HTTP/1.1" 200 OK
INFO:     2a06:98c0:3600::103:0 - "POST /options/quotes HTTP/1.1" 200 OK
INFO:     2a06:98c0:3600::103:0 - "POST /options/quotes HTTP/1.1" 200 OK
INFO:     2a06:98c0:3600::103:0 - "POST /quote HTTP/1.1" 200 OK
INFO:     2a06:98c0:3600::103:0 - "POST /options/quotes HTTP/1.1" 200 OK
INFO:     2a06:98c0:3600::103:0 - "POST /quote HTTP/1.1" 200 OK
INFO:     2a06:98c0:3600::103:0 - "POST /options/quotes HTTP/1.1" 200 OK
INFO:     2a06:98c0:3600::103:0 - "POST /quote HTTP/1.1" 200 OK
INFO:     2a06:98c0:3600::103:0 - "POST /options/quotes HTTP/1.1" 200 OK
INFO:     2a06:98c0:3600::103:0 - "POST /quote HTTP/1.1" 200 OK
INFO:     2a06:98c0:3600::103:0 - "POST /options/quotes HTTP/1.1" 200 OK
INFO:     2a06:98c0:3600::103:0 - "POST /quote HTTP/1.1" 200 OK
INFO:     2a06:98c0:3600::103:0 - "POST /options/quotes HTTP/1.1" 200 OK
INFO:     2a06:98c0:3600::103:0 - "POST /quote HTTP/1.1" 200 OK
INFO:     2a06:98c0:3600::103:0 - "POST /options/quotes HTTP/1.1" 200 OK
INFO:     2a06:98c0:3600::103:0 - "POST /quote HTTP/1.1" 200 OK
INFO:     2a06:98c0:3600::103:0 - "POST /options/quotes HTTP/1.1" 200 OK
INFO:     2a06:98c0:3600::103:0 - "POST /quote HTTP/1.1" 200 OK
INFO:     2a06:98c0:3600::103:0 - "POST /options/quotes HTTP/1.1" 200 OK
INFO:     2a06:98c0:3600::103:0 - "POST /quote HTTP/1.1" 200 OK
INFO:     2a06:98c0:3600::103:0 - "POST /options/quotes HTTP/1.1" 200 OK
INFO:     2a06:98c0:3600::103:0 - "POST /quote HTTP/1.1" 200 OK
INFO:     2a06:98c0:3600::103:0 - "POST /options/quotes HTTP/1.1" 200 OK
INFO:     2a06:98c0:3600::103:0 - "POST /quote HTTP/1.1" 200 OK
INFO:     2a06:98c0:3600::103:0 - "POST /options/quotes HTTP/1.1" 200 OK
INFO:     2a06:98c0:3600::103:0 - "POST /quote HTTP/1.1" 200 OK
INFO:     2a06:98c0:3600::103:0 - "POST /options/quotes HTTP/1.1" 200 OK
INFO:     2a06:98c0:3600::103:0 - "POST /quote HTTP/1.1" 200 OK
INFO:     2a06:98c0:3600::103:0 - "POST /options/quotes HTTP/1.1" 200 OK
INFO:     2a06:98c0:3600::103:0 - "POST /quote HTTP/1.1" 200 OK
INFO:     2a06:98c0:3600::103:0 - "POST /options/quotes HTTP/1.1" 200 OK
INFO:     2a06:98c0:3600::103:0 - "POST /quote HTTP/1.1" 200 OK
INFO:     2a06:98c0:3600::103:0 - "POST /options/quotes HTTP/1.1" 200 OK
INFO:     2a06:98c0:3600::103:0 - "POST /quote HTTP/1.1" 200 OK
INFO:     2a06:98c0:3600::103:0 - "POST /options/quotes HTTP/1.1" 200 OK
INFO:     2a06:98c0:3600::103:0 - "POST /quote HTTP/1.1" 200 OK
INFO:     2a06:98c0:3600::103:0 - "POST /options/quotes HTTP/1.1" 200 OK
INFO:     2a06:98c0:3600::103:0 - "POST /quote HTTP/1.1" 200 OK
INFO:     2a06:98c0:3600::103:0 - "POST /options/quotes HTTP/1.1" 200 OK
INFO:     2a06:98c0:3600::103:0 - "POST /quote HTTP/1.1" 200 OK
INFO:     2a06:98c0:3600::103:0 - "POST /options/quotes HTTP/1.1" 200 OK
INFO:     2a06:98c0:3600::103:0 - "POST /quote HTTP/1.1" 200 OK
INFO:     2a06:98c0:3600::103:0 - "POST /options/quotes HTTP/1.1" 200 OK
INFO:     2a06:98c0:3600::103:0 - "POST /quote HTTP/1.1" 200 OK
INFO:     2a06:98c0:3600::103:0 - "POST /options/quotes HTTP/1.1" 200 OK
INFO:     2a06:98c0:3600::103:0 - "POST /quote HTTP/1.1" 200 OK
INFO:     2a06:98c0:3600::103:0 - "POST /options/quotes HTTP/1.1" 200 OK
INFO:     2a06:98c0:3600::103:0 - "POST /quote HTTP/1.1" 200 OK
INFO:     2a06:98c0:3600::103:0 - "POST /options/quotes HTTP/1.1" 200 OK
INFO:     2a06:98c0:3600::103:0 - "POST /quote HTTP/1.1" 200 OK
INFO:     2a06:98c0:3600::103:0 - "POST /options/quotes HTTP/1.1" 200 OK
INFO:     2a06:98c0:3600::103:0 - "POST /quote HTTP/1.1" 200 OK
INFO:     2a06:98c0:3600::103:0 - "POST /options/quotes HTTP/1.1" 200 OK
INFO:     2a06:98c0:3600::103:0 - "POST /quote HTTP/1.1" 200 OK
INFO:     2a06:98c0:3600::103:0 - "POST /options/quotes HTTP/1.1" 200 OK
INFO:     2a06:98c0:3600::103:0 - "POST /quote HTTP/1.1" 200 OK
INFO:     2a06:98c0:3600::103:0 - "POST /options/quotes HTTP/1.1" 200 OK
INFO:     2a06:98c0:3600::103:0 - "POST /quote HTTP/1.1" 200 OK
INFO:     2a06:98c0:3600::103:0 - "POST /options/quotes HTTP/1.1" 200 OK
INFO:     2a06:98c0:3600::103:0 - "POST /quote HTTP/1.1" 200 OK
INFO:     2a06:98c0:3600::103:0 - "POST /options/quotes HTTP/1.1" 200 OK
INFO:     2a06:98c0:3600::103:0 - "POST /quote HTTP/1.1" 200 OK
INFO:     2a06:98c0:3600::103:0 - "POST /options/quotes HTTP/1.1" 200 OK
INFO:     2a06:98c0:3600::103:0 - "GET /account HTTP/1.1" 200 OK
INFO:     2a06:98c0:3600::103:0 - "GET /history/daily?symbol=AAPL&days=60 HTTP/1.1" 200 OK
INFO:     2a06:98c0:3600::103:0 - "GET /history/daily?symbol=AMZN&days=60 HTTP/1.1" 200 OK
INFO:     2a06:98c0:3600::103:0 - "GET /history/daily?symbol=GOOGL&days=60 HTTP/1.1" 200 OK
INFO:     2a06:98c0:3600::103:0 - "GET /history/daily?symbol=META&days=60 HTTP/1.1" 200 OK
INFO:     2a06:98c0:3600::103:0 - "GET /history/daily?symbol=MSFT&days=60 HTTP/1.1" 200 OK
INFO:     2a06:98c0:3600::103:0 - "GET /history/daily?symbol=NFLX&days=60 HTTP/1.1" 200 OK
INFO:     2a06:98c0:3600::103:0 - "GET /history/daily?symbol=NVDA&days=60 HTTP/1.1" 200 OK
INFO:     2a06:98c0:3600::103:0 - "GET /history/daily?symbol=QQQ&days=60 HTTP/1.1" 200 OK
INFO:     2a06:98c0:3600::103:0 - "GET /history/daily?symbol=SPY&days=60 HTTP/1.1" 200 OK
INFO:     2a06:98c0:3600::103:0 - "GET /history/daily?symbol=TSLA&days=60 HTTP/1.1" 200 OK
INFO:     2a06:98c0:3600::103:0 - "POST /quote HTTP/1.1" 200 OK
INFO:     2a06:98c0:3600::103:0 - "POST /options/quotes HTTP/1.1" 200 OK
INFO:     2a06:98c0:3600::103:0 - "POST /quote HTTP/1.1" 200 OK
INFO:     2a06:98c0:3600::103:0 - "POST /options/quotes HTTP/1.1" 200 OK
INFO:     2a06:98c0:3600::103:0 - "POST /quote HTTP/1.1" 200 OK
INFO:     2a06:98c0:3600::103:0 - "POST /options/quotes HTTP/1.1" 200 OK
INFO:     2a06:98c0:3600::103:0 - "POST /quote HTTP/1.1" 200 OK
INFO:     2a06:98c0:3600::103:0 - "POST /options/quotes HTTP/1.1" 200 OK
INFO:     2a06:98c0:3600::103:0 - "POST /quote HTTP/1.1" 200 OK
INFO:     2a06:98c0:3600::103:0 - "POST /options/quotes HTTP/1.1" 200 OK
INFO:     2a06:98c0:3600::103:0 - "POST /quote HTTP/1.1" 200 OK
INFO:     2a06:98c0:3600::103:0 - "POST /options/quotes HTTP/1.1" 200 OK
INFO:     2a06:98c0:3600::103:0 - "POST /quote HTTP/1.1" 200 OK
INFO:     2a06:98c0:3600::103:0 - "POST /options/quotes HTTP/1.1" 200 OK
INFO:     2a06:98c0:3600::103:0 - "POST /quote HTTP/1.1" 200 OK
INFO:     2a06:98c0:3600::103:0 - "POST /options/quotes HTTP/1.1" 200 OK
INFO:     2a06:98c0:3600::103:0 - "POST /quote HTTP/1.1" 200 OK
INFO:     2a06:98c0:3600::103:0 - "POST /options/quotes HTTP/1.1" 200 OK
INFO:     2a06:98c0:3600::103:0 - "POST /quote HTTP/1.1" 200 OK
INFO:     2a06:98c0:3600::103:0 - "POST /options/quotes HTTP/1.1" 200 OK
INFO:     2a06:98c0:3600::103:0 - "POST /quote HTTP/1.1" 200 OK
INFO:     2a06:98c0:3600::103:0 - "POST /options/quotes HTTP/1.1" 200 OK
INFO:     2a06:98c0:3600::103:0 - "POST /quote HTTP/1.1" 200 OK
INFO:     2a06:98c0:3600::103:0 - "POST /options/quotes HTTP/1.1" 200 OK
INFO:     2a06:98c0:3600::103:0 - "POST /quote HTTP/1.1" 200 OK
INFO:     2a06:98c0:3600::103:0 - "POST /options/quotes HTTP/1.1" 200 OK
INFO:     2a06:98c0:3600::103:0 - "POST /quote HTTP/1.1" 200 OK
INFO:     2a06:98c0:3600::103:0 - "POST /options/quotes HTTP/1.1" 200 OK
INFO:     2a06:98c0:3600::103:0 - "POST /quote HTTP/1.1" 200 OK
INFO:     2a06:98c0:3600::103:0 - "POST /options/quotes HTTP/1.1" 200 OK
INFO:     2a06:98c0:3600::103:0 - "POST /quote HTTP/1.1" 200 OK
INFO:     2a06:98c0:3600::103:0 - "POST /options/quotes HTTP/1.1" 200 OK
INFO:     2a06:98c0:3600::103:0 - "POST /quote HTTP/1.1" 200 OK
INFO:     2a06:98c0:3600::103:0 - "POST /options/quotes HTTP/1.1" 200 OK
INFO:     2a06:98c0:3600::103:0 - "POST /quote HTTP/1.1" 200 OK
INFO:     2a06:98c0:3600::103:0 - "POST /options/quotes HTTP/1.1" 200 OK
INFO:     2a06:98c0:3600::103:0 - "POST /quote HTTP/1.1" 200 OK
INFO:     2a06:98c0:3600::103:0 - "POST /options/quotes HTTP/1.1" 200 OK
INFO:     2a06:98c0:3600::103:0 - "POST /quote HTTP/1.1" 200 OK
INFO:     2a06:98c0:3600::103:0 - "POST /options/quotes HTTP/1.1" 200 OK
INFO:     2a06:98c0:3600::103:0 - "POST /quote HTTP/1.1" 200 OK
INFO:     2a06:98c0:3600::103:0 - "POST /options/quotes HTTP/1.1" 200 OK
INFO:     2a06:98c0:3600::103:0 - "POST /quote HTTP/1.1" 200 OK
INFO:     2a06:98c0:3600::103:0 - "POST /options/quotes HTTP/1.1" 200 OK
INFO:     2a06:98c0:3600::103:0 - "POST /quote HTTP/1.1" 200 OK
INFO:     2a06:98c0:3600::103:0 - "POST /options/quotes HTTP/1.1" 200 OK
INFO:     2a06:98c0:3600::103:0 - "POST /quote HTTP/1.1" 200 OK
INFO:     2a06:98c0:3600::103:0 - "POST /options/quotes HTTP/1.1" 200 OK
INFO:     2a06:98c0:3600::103:0 - "POST /quote HTTP/1.1" 200 OK
INFO:     2a06:98c0:3600::103:0 - "POST /options/quotes HTTP/1.1" 200 OK
INFO:     2a06:98c0:3600::103:0 - "POST /quote HTTP/1.1" 200 OK
INFO:     2a06:98c0:3600::103:0 - "POST /options/quotes HTTP/1.1" 200 OK
INFO:     2a06:98c0:3600::103:0 - "POST /quote HTTP/1.1" 200 OK
INFO:     2a06:98c0:3600::103:0 - "POST /options/quotes HTTP/1.1" 200 OK
INFO:     2a06:98c0:3600::103:0 - "POST /quote HTTP/1.1" 200 OK
INFO:     2a06:98c0:3600::103:0 - "POST /options/quotes HTTP/1.1" 200 OK
INFO:     2a06:98c0:3600::103:0 - "POST /quote HTTP/1.1" 200 OK
INFO:     2a06:98c0:3600::103:0 - "POST /options/quotes HTTP/1.1" 200 OK
INFO:     2a06:98c0:3600::103:0 - "POST /quote HTTP/1.1" 200 OK
INFO:     2a06:98c0:3600::103:0 - "POST /options/quotes HTTP/1.1" 200 OK
INFO:     2a06:98c0:3600::103:0 - "POST /quote HTTP/1.1" 200 OK
INFO:     2a06:98c0:3600::103:0 - "POST /options/quotes HTTP/1.1" 200 OK
INFO:     2a06:98c0:3600::103:0 - "POST /quote HTTP/1.1" 200 OK
INFO:     2a06:98c0:3600::103:0 - "POST /options/quotes HTTP/1.1" 200 OK
INFO:     2a06:98c0:3600::103:0 - "POST /quote HTTP/1.1" 200 OK
INFO:     2a06:98c0:3600::103:0 - "POST /options/quotes HTTP/1.1" 200 OK
INFO:     2a06:98c0:3600::103:0 - "POST /quote HTTP/1.1" 200 OK
INFO:     2a06:98c0:3600::103:0 - "POST /options/quotes HTTP/1.1" 200 OK
INFO:     2a06:98c0:3600::103:0 - "POST /quote HTTP/1.1" 200 OK
INFO:     2a06:98c0:3600::103:0 - "POST /options/quotes HTTP/1.1" 200 OK
INFO:     2a06:98c0:3600::103:0 - "POST /quote HTTP/1.1" 200 OK
INFO:     2a06:98c0:3600::103:0 - "POST /options/quotes HTTP/1.1" 200 OK
INFO:     2a06:98c0:3600::103:0 - "POST /quote HTTP/1.1" 200 OK
INFO:     2a06:98c0:3600::103:0 - "POST /options/quotes HTTP/1.1" 200 OK
INFO:     2a06:98c0:3600::103:0 - "POST /quote HTTP/1.1" 200 OK
INFO:     2a06:98c0:3600::103:0 - "POST /options/quotes HTTP/1.1" 200 OK
INFO:     2a06:98c0:3600::103:0 - "POST /quote HTTP/1.1" 200 OK
INFO:     2a06:98c0:3600::103:0 - "POST /options/quotes HTTP/1.1" 200 OK
INFO:     2a06:98c0:3600::103:0 - "POST /quote HTTP/1.1" 200 OK
INFO:     2a06:98c0:3600::103:0 - "POST /options/quotes HTTP/1.1" 200 OK
INFO:     2a06:98c0:3600::103:0 - "POST /quote HTTP/1.1" 200 OK
INFO:     2a06:98c0:3600::103:0 - "POST /options/quotes HTTP/1.1" 200 OK
INFO:     2a06:98c0:3600::103:0 - "POST /quote HTTP/1.1" 200 OK
INFO:     2a06:98c0:3600::103:0 - "POST /options/quotes HTTP/1.1" 200 OK
INFO:     2a06:98c0:3600::103:0 - "POST /quote HTTP/1.1" 200 OK
INFO:     2a06:98c0:3600::103:0 - "POST /options/quotes HTTP/1.1" 200 OK
INFO:     2a06:98c0:3600::103:0 - "POST /quote HTTP/1.1" 200 OK
INFO:     2a06:98c0:3600::103:0 - "POST /options/quotes HTTP/1.1" 200 OK
INFO:     2a06:98c0:3600::103:0 - "POST /quote HTTP/1.1" 200 OK
INFO:     2a06:98c0:3600::103:0 - "POST /options/quotes HTTP/1.1" 200 OK
INFO:     2a06:98c0:3600::103:0 - "POST /quote HTTP/1.1" 200 OK
INFO:     2a06:98c0:3600::103:0 - "POST /options/quotes HTTP/1.1" 200 OK
INFO:     2a06:98c0:3600::103:0 - "POST /quote HTTP/1.1" 200 OK
INFO:     2a06:98c0:3600::103:0 - "POST /options/quotes HTTP/1.1" 200 OK
INFO:     2a06:98c0:3600::103:0 - "POST /quote HTTP/1.1" 200 OK
INFO:     2a06:98c0:3600::103:0 - "POST /options/quotes HTTP/1.1" 200 OK
INFO:     2a06:98c0:3600::103:0 - "POST /quote HTTP/1.1" 200 OK
INFO:     2a06:98c0:3600::103:0 - "POST /options/quotes HTTP/1.1" 200 OK
INFO:     2a06:98c0:3600::103:0 - "POST /quote HTTP/1.1" 200 OK
INFO:     2a06:98c0:3600::103:0 - "POST /options/quotes HTTP/1.1" 200 OK
INFO:     2a06:98c0:3600::103:0 - "POST /quote HTTP/1.1" 200 OK
INFO:     2a06:98c0:3600::103:0 - "POST /options/quotes HTTP/1.1" 200 OK
INFO:     2a06:98c0:3600::103:0 - "POST /quote HTTP/1.1" 200 OK
INFO:     2a06:98c0:3600::103:0 - "POST /options/quotes HTTP/1.1" 200 OK
INFO:     2a06:98c0:3600::103:0 - "POST /quote HTTP/1.1" 200 OK
INFO:     2a06:98c0:3600::103:0 - "POST /options/quotes HTTP/1.1" 200 OK
INFO:     2a06:98c0:3600::103:0 - "POST /quote HTTP/1.1" 200 OK
INFO:     2a06:98c0:3600::103:0 - "POST /options/quotes HTTP/1.1" 200 OK
INFO:     2a06:98c0:3600::103:0 - "POST /quote HTTP/1.1" 200 OK
INFO:     2a06:98c0:3600::103:0 - "POST /options/quotes HTTP/1.1" 200 OK
INFO:     2a06:98c0:3600::103:0 - "POST /quote HTTP/1.1" 200 OK
INFO:     2a06:98c0:3600::103:0 - "POST /options/quotes HTTP/1.1" 200 OK
INFO:     2a06:98c0:3600::103:0 - "POST /quote HTTP/1.1" 200 OK
INFO:     2a06:98c0:3600::103:0 - "POST /options/quotes HTTP/1.1" 200 OK
INFO:     2a06:98c0:3600::103:0 - "POST /quote HTTP/1.1" 200 OK
INFO:     2a06:98c0:3600::103:0 - "POST /options/quotes HTTP/1.1" 200 OK
INFO:     2a06:98c0:3600::103:0 - "POST /quote HTTP/1.1" 200 OK
INFO:     2a06:98c0:3600::103:0 - "POST /options/quotes HTTP/1.1" 200 OK
INFO:     2a06:98c0:3600::103:0 - "POST /quote HTTP/1.1" 200 OK
INFO:     2a06:98c0:3600::103:0 - "POST /options/quotes HTTP/1.1" 200 OK
INFO:     2a06:98c0:3600::103:0 - "POST /options/quotes HTTP/1.1" 200 OK
INFO:     2a06:98c0:3600::103:0 - "POST /options/quotes HTTP/1.1" 200 OK
INFO:     2a06:98c0:3600::103:0 - "POST /options/quotes HTTP/1.1" 200 OK
INFO:     2a06:98c0:3600::103:0 - "POST /options/quotes HTTP/1.1" 200 OK
INFO:     2a06:98c0:3600::103:0 - "POST /options/quotes HTTP/1.1" 200 OK
INFO:     2a06:98c0:3600::103:0 - "POST /options/quotes HTTP/1.1" 200 OK
INFO:     2a06:98c0:3600::103:0 - "POST /options/quotes HTTP/1.1" 200 OK
INFO:     2a06:98c0:3600::103:0 - "POST /options/quotes HTTP/1.1" 200 OK
INFO:     2a06:98c0:3600::103:0 - "POST /options/quotes HTTP/1.1" 200 OK
INFO:     2a06:98c0:3600::103:0 - "POST /options/quotes HTTP/1.1" 200 OK
INFO:     2a06:98c0:3600::103:0 - "POST /options/quotes HTTP/1.1" 200 OK
INFO:     2a06:98c0:3600::103:0 - "GET /account HTTP/1.1" 200 OK
INFO:     2a06:98c0:3600::103:0 - "GET /history/daily?symbol=AAPL&days=60 HTTP/1.1" 200 OK
INFO:     2a06:98c0:3600::103:0 - "GET /history/daily?symbol=AMZN&days=60 HTTP/1.1" 200 OK
INFO:     2a06:98c0:3600::103:0 - "GET /history/daily?symbol=GOOGL&days=60 HTTP/1.1" 200 OK
INFO:     2a06:98c0:3600::103:0 - "GET /history/daily?symbol=META&days=60 HTTP/1.1" 200 OK
INFO:     2a06:98c0:3600::103:0 - "GET /history/daily?symbol=MSFT&days=60 HTTP/1.1" 200 OK
INFO:     2a06:98c0:3600::103:0 - "GET /history/daily?symbol=NFLX&days=60 HTTP/1.1" 200 OK
INFO:     2a06:98c0:3600::103:0 - "GET /history/daily?symbol=NVDA&days=60 HTTP/1.1" 200 OK
INFO:     2a06:98c0:3600::103:0 - "GET /history/daily?symbol=QQQ&days=60 HTTP/1.1" 200 OK
INFO:     2a06:98c0:3600::103:0 - "GET /history/daily?symbol=SPY&days=60 HTTP/1.1" 200 OK
INFO:     2a06:98c0:3600::103:0 - "GET /history/daily?symbol=TSLA&days=60 HTTP/1.1" 200 OK
INFO:     2a06:98c0:3600::103:0 - "POST /options/quotes HTTP/1.1" 200 OK
INFO:     2a06:98c0:3600::103:0 - "POST /options/quotes HTTP/1.1" 200 OK
INFO:     2a06:98c0:3600::103:0 - "POST /options/quotes HTTP/1.1" 200 OK
INFO:     2a06:98c0:3600::103:0 - "POST /options/quotes HTTP/1.1" 200 OK
INFO:     2a06:98c0:3600::103:0 - "POST /options/quotes HTTP/1.1" 200 OK
INFO:     2a06:98c0:3600::103:0 - "POST /options/quotes HTTP/1.1" 200 OK
INFO:     2a06:98c0:3600::103:0 - "POST /options/quotes HTTP/1.1" 200 OK
INFO:     2a06:98c0:3600::103:0 - "POST /options/quotes HTTP/1.1" 200 OK
INFO:     2a06:98c0:3600::103:0 - "POST /options/quotes HTTP/1.1" 200 OK
INFO:     2a06:98c0:3600::103:0 - "POST /options/quotes HTTP/1.1" 200 OK
INFO:     2a06:98c0:3600::103:0 - "POST /options/quotes HTTP/1.1" 200 OK
INFO:     2a06:98c0:3600::103:0 - "POST /options/quotes HTTP/1.1" 200 OK
INFO:     2a06:98c0:3600::103:0 - "POST /options/quotes HTTP/1.1" 200 OK
INFO:     2a06:98c0:3600::103:0 - "POST /options/quotes HTTP/1.1" 200 OK
INFO:     2a06:98c0:3600::103:0 - "POST /options/quotes HTTP/1.1" 200 OK
INFO:     2a06:98c0:3600::103:0 - "POST /options/quotes HTTP/1.1" 200 OK
INFO:     2a06:98c0:3600::103:0 - "POST /options/quotes HTTP/1.1" 200 OK
INFO:     2a06:98c0:3600::103:0 - "POST /options/quotes HTTP/1.1" 200 OK
INFO:     2a06:98c0:3600::103:0 - "POST /options/quotes HTTP/1.1" 200 OK
INFO:     2a06:98c0:3600::103:0 - "POST /options/quotes HTTP/1.1" 200 OK
INFO:     2a06:98c0:3600::103:0 - "GET /account HTTP/1.1" 200 OK
INFO:     2a06:98c0:3600::103:0 - "GET /positions HTTP/1.1" 500 Internal Server Error
INFO:     2a06:98c0:3600::103:0 - "GET /positions HTTP/1.1" 500 Internal Server Error
INFO:     2a06:98c0:3600::103:0 - "GET /positions HTTP/1.1" 500 Internal Server Error
INFO:     2a06:98c0:3600::103:0 - "GET /account HTTP/1.1" 200 OK
INFO:     2a06:98c0:3600::103:0 - "GET /positions HTTP/1.1" 500 Internal Server Error
INFO:     2a06:98c0:3600::103:0 - "GET /positions HTTP/1.1" 500 Internal Server Error
INFO:     2a06:98c0:3600::103:0 - "GET /account HTTP/1.1" 200 OK
INFO:     2a06:98c0:3600::103:0 - "GET /positions HTTP/1.1" 500 Internal Server Error
INFO:     2a06:98c0:3600::103:0 - "GET /account HTTP/1.1" 200 OK
INFO:     2a06:98c0:3600::103:0 - "GET /positions HTTP/1.1" 500 Internal Server Error
INFO:     2a06:98c0:3600::103:0 - "GET /positions HTTP/1.1" 500 Internal Server Error
INFO:     2a06:98c0:3600::103:0 - "GET /positions HTTP/1.1" 500 Internal Server Error
INFO:     2a06:98c0:3600::103:0 - "GET /account HTTP/1.1" 200 OK
INFO:     2a06:98c0:3600::103:0 - "GET /positions HTTP/1.1" 500 Internal Server Error
INFO:     2a06:98c0:3600::103:0 - "GET /account HTTP/1.1" 200 OK
INFO:     2a06:98c0:3600::103:0 - "GET /positions HTTP/1.1" 500 Internal Server Error
